*** Error setting resource limits. Mininet's performance may be affected.
*** Creating network
*** Adding controller
*** Adding hosts:
h1 h2 h3 h4 
*** Adding switches:
s1 
*** Adding links:
(h1, s1) (h2, s1) (h3, s1) (h4, s1) 
*** Configuring hosts
h1 h2 h3 h4 
*** Starting controller
c0 
*** Starting 1 switches
s1 ...
*** Waiting for switches to connect
s1 
*** Ping: testing ping reachability
h1 -> h2 h3 h4 
h2 -> h1 h3 h4 
h3 -> h1 h2 h4 
h4 -> h1 h2 h3 
*** Results: 0% dropped (12/12 received)
*** Stopping 1 controllers
c0 
*** Stopping 4 links
....
*** Stopping 1 switches
s1 
*** Stopping 4 hosts
h1 h2 h3 h4 
*** Done
completed in 6.335 seconds
