/usr/local/lib/python3.10/dist-packages/ryu/lib/hub.py:30: EventletDeprecationWarning: 
Eventlet is deprecated. It is currently being maintained in bugfix mode, and
we strongly recommend against using it for new projects.

If you are already using Eventlet, we recommend migrating to a different
framework.  For more detail see
https://eventlet.readthedocs.io/en/latest/asyncio/migration.html

  import eventlet
1 RLock(s) were not greened, to fix this error make sure you run eventlet.monkey_patch() before importing any other modules.
loading app ryu.app.simple_switch_13
loading app ryu.controller.ofp_handler
instantiating app ryu.app.simple_switch_13 of SimpleSwitch13
instantiating app ryu.controller.ofp_handler of OFPHandler
BRICK SimpleSwitch13
  CONSUMES EventOFPPacketIn
  CONSUMES EventOFPSwitchFeatures
BRICK ofp_event
  PROVIDES EventOFPPacketIn TO {'SimpleSwitch13': {'main'}}
  PROVIDES EventOFPSwitchFeatures TO {'SimpleSwitch13': {'config'}}
  CONSUMES EventOFPEchoReply
  CONSUMES EventOFPEchoRequest
  CONSUMES EventOFPErrorMsg
  CONSUMES EventOFPHello
  CONSUMES EventOFPPortDescStatsReply
  CONSUMES EventOFPPortStatus
  CONSUMES EventOFPSwitchFeatures
connected socket:<eventlet.greenio.base.GreenSocket object at 0xffffba9aa440> address:('127.0.0.1', 43416)
connected socket:<eventlet.greenio.base.GreenSocket object at 0xffffba9a9f30> address:('127.0.0.1', 43426)
hello ev <ryu.controller.ofp_event.EventOFPHello object at 0xffffba9abc70>
move onto config mode
EVENT ofp_event->SimpleSwitch13 EventOFPSwitchFeatures
switch features ev version=0x4,msg_type=0x6,msg_len=0x20,xid=0x73f24fb7,OFPSwitchFeatures(auxiliary_id=0,capabilities=79,datapath_id=1,n_buffers=0,n_tables=254)
move onto main mode
EVENT ofp_event->SimpleSwitch13 EventOFPPacketIn
packet in 1 00:00:00:00:00:02 33:33:00:00:00:16 2
EVENT ofp_event->SimpleSwitch13 EventOFPPacketIn
packet in 1 00:00:00:00:00:03 33:33:00:00:00:16 3
EVENT ofp_event->SimpleSwitch13 EventOFPPacketIn
packet in 1 00:00:00:00:00:04 33:33:ff:00:00:04 4
EVENT ofp_event->SimpleSwitch13 EventOFPPacketIn
packet in 1 00:00:00:00:00:03 33:33:ff:00:00:03 3
EVENT ofp_event->SimpleSwitch13 EventOFPPacketIn
packet in 1 00:00:00:00:00:01 33:33:ff:00:00:01 1
EVENT ofp_event->SimpleSwitch13 EventOFPPacketIn
packet in 1 00:00:00:00:00:01 33:33:00:00:00:16 1
EVENT ofp_event->SimpleSwitch13 EventOFPPacketIn
packet in 1 00:00:00:00:00:04 33:33:00:00:00:16 4
EVENT ofp_event->SimpleSwitch13 EventOFPPacketIn
packet in 1 00:00:00:00:00:02 33:33:ff:00:00:02 2
EVENT ofp_event->SimpleSwitch13 EventOFPPacketIn
EVENT ofp_event->SimpleSwitch13 EventOFPPacketIn
packet in 1 00:00:00:00:00:04 33:33:00:00:00:16 4
packet in 1 00:00:00:00:00:04 33:33:00:00:00:02 4
EVENT ofp_event->SimpleSwitch13 EventOFPPacketIn
EVENT ofp_event->SimpleSwitch13 EventOFPPacketIn
packet in 1 00:00:00:00:00:03 33:33:00:00:00:16 3
packet in 1 00:00:00:00:00:03 33:33:00:00:00:02 3
EVENT ofp_event->SimpleSwitch13 EventOFPPacketIn
EVENT ofp_event->SimpleSwitch13 EventOFPPacketIn
packet in 1 00:00:00:00:00:01 33:33:00:00:00:16 1
packet in 1 00:00:00:00:00:01 33:33:00:00:00:02 1
EVENT ofp_event->SimpleSwitch13 EventOFPPacketIn
packet in 1 00:00:00:00:00:04 33:33:00:00:00:16 4
EVENT ofp_event->SimpleSwitch13 EventOFPPacketIn
EVENT ofp_event->SimpleSwitch13 EventOFPPacketIn
packet in 1 00:00:00:00:00:02 33:33:00:00:00:16 2
packet in 1 00:00:00:00:00:02 33:33:00:00:00:02 2
EVENT ofp_event->SimpleSwitch13 EventOFPPacketIn
packet in 1 00:00:00:00:00:01 33:33:00:00:00:16 1
EVENT ofp_event->SimpleSwitch13 EventOFPPacketIn
packet in 1 00:00:00:00:00:03 33:33:00:00:00:16 3
EVENT ofp_event->SimpleSwitch13 EventOFPPacketIn
packet in 1 00:00:00:00:00:02 33:33:00:00:00:16 2
EVENT ofp_event->SimpleSwitch13 EventOFPPacketIn
packet in 1 00:00:00:00:00:01 ff:ff:ff:ff:ff:ff 1
EVENT ofp_event->SimpleSwitch13 EventOFPPacketIn
packet in 1 00:00:00:00:00:02 00:00:00:00:00:01 2
EVENT ofp_event->SimpleSwitch13 EventOFPPacketIn
packet in 1 00:00:00:00:00:01 00:00:00:00:00:02 1
EVENT ofp_event->SimpleSwitch13 EventOFPPacketIn
packet in 1 00:00:00:00:00:01 ff:ff:ff:ff:ff:ff 1
EVENT ofp_event->SimpleSwitch13 EventOFPPacketIn
packet in 1 00:00:00:00:00:03 00:00:00:00:00:01 3
EVENT ofp_event->SimpleSwitch13 EventOFPPacketIn
packet in 1 00:00:00:00:00:01 00:00:00:00:00:03 1
EVENT ofp_event->SimpleSwitch13 EventOFPPacketIn
packet in 1 00:00:00:00:00:01 ff:ff:ff:ff:ff:ff 1
EVENT ofp_event->SimpleSwitch13 EventOFPPacketIn
packet in 1 00:00:00:00:00:04 00:00:00:00:00:01 4
EVENT ofp_event->SimpleSwitch13 EventOFPPacketIn
packet in 1 00:00:00:00:00:01 00:00:00:00:00:04 1
EVENT ofp_event->SimpleSwitch13 EventOFPPacketIn
packet in 1 00:00:00:00:00:02 ff:ff:ff:ff:ff:ff 2
EVENT ofp_event->SimpleSwitch13 EventOFPPacketIn
packet in 1 00:00:00:00:00:03 00:00:00:00:00:02 3
EVENT ofp_event->SimpleSwitch13 EventOFPPacketIn
packet in 1 00:00:00:00:00:02 00:00:00:00:00:03 2
EVENT ofp_event->SimpleSwitch13 EventOFPPacketIn
packet in 1 00:00:00:00:00:02 ff:ff:ff:ff:ff:ff 2
EVENT ofp_event->SimpleSwitch13 EventOFPPacketIn
packet in 1 00:00:00:00:00:04 00:00:00:00:00:02 4
EVENT ofp_event->SimpleSwitch13 EventOFPPacketIn
packet in 1 00:00:00:00:00:02 00:00:00:00:00:04 2
EVENT ofp_event->SimpleSwitch13 EventOFPPacketIn
packet in 1 00:00:00:00:00:03 ff:ff:ff:ff:ff:ff 3
EVENT ofp_event->SimpleSwitch13 EventOFPPacketIn
packet in 1 00:00:00:00:00:04 00:00:00:00:00:03 4
EVENT ofp_event->SimpleSwitch13 EventOFPPacketIn
packet in 1 00:00:00:00:00:03 00:00:00:00:00:04 3
connected socket:<eventlet.greenio.base.GreenSocket object at 0xffffbab800a0> address:('127.0.0.1', 52078)
connected socket:<eventlet.greenio.base.GreenSocket object at 0xffffbb0c2620> address:('127.0.0.1', 52086)
hello ev <ryu.controller.ofp_event.EventOFPHello object at 0xffffba9a9fc0>
move onto config mode
EVENT ofp_event->SimpleSwitch13 EventOFPSwitchFeatures
switch features ev version=0x4,msg_type=0x6,msg_len=0x20,xid=0x913fe1a0,OFPSwitchFeatures(auxiliary_id=0,capabilities=79,datapath_id=1,n_buffers=0,n_tables=254)
move onto main mode
